<?xml version="1.0" encoding="UTF-8"?>
<!-- Generated by org.testng.reporters.JUnitReportReporter -->
<testsuite hostname="DESKTOP-LOD748U" failures="0" tests="1" name="TastLayer.LoginPageTest" time="0.363" errors="0" timestamp="2022-12-17T11:24:35 IST" skipped="0">
  <testcase classname="TastLayer.LoginPageTest" name="login" time="0.363"/>
  <system-out/>
</testsuite> <!-- TastLayer.LoginPageTest -->
